Warning[205] C:\PRO\LAB1_EX1_G11.ASM 5 : Found directive in column 1. (LIST)
Warning[205] C:\PRO\LAB1_EX1_G11.ASM 6 : Found directive in column 1. (include)
Warning[205] C:\PRO\LAB1_EX1_G11.ASM 7 : Found directive in column 1. (org)
Message[302] C:\PRO\LAB1_EX1_G11.ASM 28 : Register in operand not in bank 0.  Ensure that bank bits are correct.
Message[302] C:\PRO\LAB1_EX1_G11.ASM 31 : Register in operand not in bank 0.  Ensure that bank bits are correct.
Message[302] C:\PRO\LAB1_EX1_G11.ASM 32 : Register in operand not in bank 0.  Ensure that bank bits are correct.
Message[302] C:\PRO\LAB1_EX1_G11.ASM 33 : Register in operand not in bank 0.  Ensure that bank bits are correct.
Message[302] C:\PRO\LAB1_EX1_G11.ASM 34 : Register in operand not in bank 0.  Ensure that bank bits are correct.
Message[302] C:\PRO\LAB1_EX1_G11.ASM 55 : Register in operand not in bank 0.  Ensure that bank bits are correct.
Warning[202] C:\PRO\LAB1_EX1_G11.ASM 453 : Argument out of range.  Least significant bits used.
Warning[203] C:\PRO\LAB1_EX1_G11.ASM 673 : Found opcode in column 1. (movlw)
Warning[203] C:\PRO\LAB1_EX1_G11.ASM 858 : Found opcode in column 1. (return)
Warning[203] C:\PRO\LAB1_EX1_G11.ASM 874 : Found opcode in column 1. (return)
Message[305] C:\PRO\LAB1_EX1_G11.ASM 927 : Using default destination of 1 (file).
Message[305] C:\PRO\LAB1_EX1_G11.ASM 929 : Using default destination of 1 (file).
Message[305] C:\PRO\LAB1_EX1_G11.ASM 931 : Using default destination of 1 (file).
Message[305] C:\PRO\LAB1_EX1_G11.ASM 945 : Using default destination of 1 (file).
Message[305] C:\PRO\LAB1_EX1_G11.ASM 947 : Using default destination of 1 (file).
Message[305] C:\PRO\LAB1_EX1_G11.ASM 949 : Using default destination of 1 (file).
Warning[205] C:\PRO\LAB1_EX1_G11.ASM 957 : Found directive in column 1. (end)
